Determining if the pthread_create exist failed with the following output:
Change Dir: /home/ekincoban/catkin_ws/build/CMakeFiles/CMakeTmp

Run Build Command:"/usr/bin/make" "cmTC_eb59f/fast"
/usr/bin/make -f CMakeFiles/cmTC_eb59f.dir/build.make CMakeFiles/cmTC_eb59f.dir/build
make[1]: Entering directory '/home/ekincoban/catkin_ws/build/CMakeFiles/CMakeTmp'
Building C object CMakeFiles/cmTC_eb59f.dir/CheckSymbolExists.c.o
/usr/bin/cc    -o CMakeFiles/cmTC_eb59f.dir/CheckSymbolExists.c.o   -c /home/ekincoban/catkin_ws/build/CMakeFiles/CMakeTmp/CheckSymbolExists.c
Linking C executable cmTC_eb59f
/usr/bin/cmake -E cmake_link_script CMakeFiles/cmTC_eb59f.dir/link.txt --verbose=1
/usr/bin/cc      -rdynamic CMakeFiles/cmTC_eb59f.dir/CheckSymbolExists.c.o  -o cmTC_eb59f 
CMakeFiles/cmTC_eb59f.dir/CheckSymbolExists.c.o: In function `main':
CheckSymbolExists.c:(.text+0x1b): undefined reference to `pthread_create'
collect2: error: ld returned 1 exit status
CMakeFiles/cmTC_eb59f.dir/build.make:97: recipe for target 'cmTC_eb59f' failed
make[1]: *** [cmTC_eb59f] Error 1
make[1]: Leaving directory '/home/ekincoban/catkin_ws/build/CMakeFiles/CMakeTmp'
Makefile:126: recipe for target 'cmTC_eb59f/fast' failed
make: *** [cmTC_eb59f/fast] Error 2

File /home/ekincoban/catkin_ws/build/CMakeFiles/CMakeTmp/CheckSymbolExists.c:
/* */
#include <pthread.h>

int main(int argc, char** argv)
{
  (void)argv;
#ifndef pthread_create
  return ((int*)(&pthread_create))[argc];
#else
  (void)argc;
  return 0;
#endif
}

Determining if the function pthread_create exists in the pthreads failed with the following output:
Change Dir: /home/ekincoban/catkin_ws/build/CMakeFiles/CMakeTmp

Run Build Command:"/usr/bin/make" "cmTC_20f8b/fast"
/usr/bin/make -f CMakeFiles/cmTC_20f8b.dir/build.make CMakeFiles/cmTC_20f8b.dir/build
make[1]: Entering directory '/home/ekincoban/catkin_ws/build/CMakeFiles/CMakeTmp'
Building C object CMakeFiles/cmTC_20f8b.dir/CheckFunctionExists.c.o
/usr/bin/cc   -DCHECK_FUNCTION_EXISTS=pthread_create   -o CMakeFiles/cmTC_20f8b.dir/CheckFunctionExists.c.o   -c /usr/share/cmake-3.10/Modules/CheckFunctionExists.c
Linking C executable cmTC_20f8b
/usr/bin/cmake -E cmake_link_script CMakeFiles/cmTC_20f8b.dir/link.txt --verbose=1
/usr/bin/cc  -DCHECK_FUNCTION_EXISTS=pthread_create    -rdynamic CMakeFiles/cmTC_20f8b.dir/CheckFunctionExists.c.o  -o cmTC_20f8b -lpthreads 
/usr/bin/ld: cannot find -lpthreads
collect2: error: ld returned 1 exit status
CMakeFiles/cmTC_20f8b.dir/build.make:97: recipe for target 'cmTC_20f8b' failed
make[1]: *** [cmTC_20f8b] Error 1
make[1]: Leaving directory '/home/ekincoban/catkin_ws/build/CMakeFiles/CMakeTmp'
Makefile:126: recipe for target 'cmTC_20f8b/fast' failed
make: *** [cmTC_20f8b/fast] Error 2


